<?xml version="1.0" encoding="UTF-8"?>
<!-- Generated by org.testng.reporters.JUnitReportReporter -->
<testsuite hostname="Pragmasys-PC232" name="newThings.PatternProg2" tests="1" failures="0" timestamp="4 Mar 2019 09:45:18 GMT" time="0.015" errors="0">
  <testcase name="softAssertionTest" time="0.015" classname="newThings.PatternProg2"/>
</testsuite> <!-- newThings.PatternProg2 -->
